<?xml version="1.0" encoding="UTF-8"?>
<!-- Generated by org.testng.reporters.JUnitReportReporter -->
<testsuite hostname="DESKTOP-MU2BVTN" failures="0" tests="3" name="day8.GroupingExample" time="0.014" errors="0" timestamp="2025-06-24T23:06:19 IST" skipped="0">
  <testcase classname="day8.GroupingExample" name="startclass" time="0.002"/>
  <testcase classname="day8.GroupingExample" name="launchBrowser" time="0.011"/>
  <testcase classname="day8.GroupingExample" name="method1" time="0.001"/>
</testsuite> <!-- day8.GroupingExample -->
