<?xml version="1.0" encoding="UTF-8"?>
<!-- Generated by org.testng.reporters.JUnitReportReporter -->
<testsuite hostname="DESKTOP-MU2BVTN" failures="0" tests="3" name="day7_SeleniumLocatorsAssertions.PriorityExample" time="0.016" errors="0" timestamp="2025-06-24T22:52:50 IST" skipped="0">
  <testcase classname="day7_SeleniumLocatorsAssertions.PriorityExample" name="loginTest" time="0.012"/>
  <testcase classname="day7_SeleniumLocatorsAssertions.PriorityExample" name="logoutTest" time="0.002"/>
  <testcase classname="day7_SeleniumLocatorsAssertions.PriorityExample" name="searchTest" time="0.002"/>
</testsuite> <!-- day7_SeleniumLocatorsAssertions.PriorityExample -->
