<?xml version="1.0" encoding="UTF-8"?>
<!-- Generated by org.testng.reporters.JUnitReportReporter -->
<testsuite hostname="DESKTOP-MU2BVTN" failures="0" tests="2" name="day8.LifecycleExample" time="0.010" errors="0" timestamp="2025-06-24T23:12:56 IST" skipped="0">
  <testcase classname="day8.LifecycleExample" name="method2" time="0.001"/>
  <testcase classname="day8.LifecycleExample" name="method1" time="0.009"/>
</testsuite> <!-- day8.LifecycleExample -->
